<?xml version="1.0" encoding="UTF-8"?>
<!-- Generated by org.testng.reporters.JUnitXMLReporter -->
<testsuite ignored="0" hostname="Shashank-PC" failures="0" tests="3" name="Surefire test" time="0.099" errors="0" timestamp="2020-07-30T01:28:49 PDT">
  <testcase classname="com.mavenprj.demo.AppTest" name="shouldAnswerWithTrue" time="0.009"/>
  <testcase classname="com.mavenprj.demo.TestExample1" name="Test1" time="0.006"/>
  <testcase classname="com.mavenprj.demo.TestExample1" name="Test2" time="0.004"/>
</testsuite> <!-- Surefire test -->
