<?xml version="1.0" encoding="UTF-8"?>
<testng-results ignored="1" total="3" passed="2" failed="0" skipped="0">
  <reporter-output>
  </reporter-output>
  <suite started-at="2020-07-30T01:29:28 PDT" name="All Test Suite" finished-at="2020-07-30T01:29:28 PDT" duration-ms="103">
    <groups>
    </groups>
    <test started-at="2020-07-30T01:29:28 PDT" name="C:/Users/Vinuta/IdeaProjects/MVM/my-maven-prj" finished-at="2020-07-30T01:29:28 PDT" duration-ms="103">
      <class name="com.mavenprj.demo.TestExample1">
        <test-method signature="Test2()[pri:0, instance:com.mavenprj.demo.TestExample1@1e800aaa]" started-at="2020-07-30T01:29:28 PDT" name="Test2" finished-at="2020-07-30T01:29:28 PDT" duration-ms="13" status="PASS">
          <reporter-output>
          </reporter-output>
        </test-method> <!-- Test2 -->
      </class> <!-- com.mavenprj.demo.TestExample1 -->
      <class name="com.mavenprj.demo.AppTest">
        <test-method signature="shouldAnswerWithTrue()[pri:0, instance:com.mavenprj.demo.AppTest@5bda8e08]" started-at="2020-07-30T01:29:28 PDT" name="shouldAnswerWithTrue" finished-at="2020-07-30T01:29:28 PDT" duration-ms="9" status="PASS">
          <reporter-output>
          </reporter-output>
        </test-method> <!-- shouldAnswerWithTrue -->
      </class> <!-- com.mavenprj.demo.AppTest -->
    </test> <!-- C:/Users/Vinuta/IdeaProjects/MVM/my-maven-prj -->
  </suite> <!-- All Test Suite -->
</testng-results>
